<?xml version="1.0" encoding="UTF-8"?>
<!-- Generated by org.testng.reporters.JUnitReportReporter -->
<testsuite hostname="Diptalok_Sahoo" failures="0" tests="1" name="com.testScript.java.ScriptAdd_Test" time="27.878" errors="0" timestamp="2024-04-01T08:28:43 IST" skipped="0">
  <testcase classname="com.testScript.java.ScriptAdd_Test" name="service_Contract_Test" time="27.878"/>
  <system-out/>
</testsuite> <!-- com.testScript.java.ScriptAdd_Test -->
